    OpenRGB v0.9+ (1.0rc2)
    Commit:  from 
    Launched: 20260503_141622
====================================================================================================

0     |Info:    [ProfileManager] Found file: blue.orp attempting to validate header
0     |Info:    [ProfileManager] Valid v5 profile found for blue
1063  |Info:    [ResourceManager] Initializing HID interfaces: Success
1063  |Info:    ------------------------------------------------------
1063  |Info:    |               Start device detection               |
1063  |Info:    ------------------------------------------------------
1068  |Info:    ------------------------------------------------------
1068  |Info:    |             Detecting I2C interfaces               |
1068  |Info:    ------------------------------------------------------
1068  |Info:    [ResourceManager] Registering I2C interface: /dev/i2c-3 Device 1002:15E7 Subsystem: 2782:1100
1068  |Info:    [ResourceManager] Registering I2C interface: /dev/i2c-1 Device 1002:15E7 Subsystem: 2782:1100
1068  |Info:    [ResourceManager] Registering I2C interface: /dev/i2c-PNP0C50:0b Device 0000:0000 Subsystem: 0000:0000
1068  |Info:    [ResourceManager] Registering I2C interface: /dev/i2c-8 Device 1022:790B Subsystem: 1022:790B
1068  |Info:    [ResourceManager] Registering I2C interface: /dev/i2c-6 Device 1022:790B Subsystem: 1022:790B
1068  |Warning: [i2c_smbus_linux] Failed to read i2c device PCI device ID
1068  |Info:    [ResourceManager] Registering I2C interface: /dev/i2c-4 Device 0000:0000 Subsystem: 0000:0000
1068  |Info:    [ResourceManager] Registering I2C interface: /dev/i2c-2 Device 1002:15E7 Subsystem: 2782:1100
1068  |Info:    [ResourceManager] Registering I2C interface: /dev/i2c-0 Device 0000:0000 Subsystem: 0000:0000
1068  |Info:    [ResourceManager] Registering I2C interface: /dev/i2c-7 Device 1022:790B Subsystem: 1022:790B
1069  |Warning: [i2c_smbus_linux] Failed to read i2c device PCI device ID
1069  |Info:    [ResourceManager] Registering I2C interface: /dev/i2c-5 Device 0000:0000 Subsystem: 0000:0000
1069  |Info:    ------------------------------------------------------
1069  |Info:    |               Detecting I2C devices                |
1069  |Info:    ------------------------------------------------------
2074  |Info:    ------------------------------------------------------
2074  |Info:    |            Detecting I2C DIMM modules              |
2074  |Info:    ------------------------------------------------------
2886  |Info:    [ResourceManager] Detected occupied slot 1, bus 4, type DDR4
4170  |Info:    [ResourceManager] Detected occupied slot 2, bus 4, type DDR4
5249  |Info:    ------------------------------------------------------
5249  |Info:    |               Detecting I2C PCI devices            |
5249  |Info:    ------------------------------------------------------
5249  |Info:    ------------------------------------------------------
5249  |Info:    |               Detecting HID devices                |
5249  |Info:    ------------------------------------------------------
5250  |Info:    [] Registering RGB controller
5250  |Info:    ------------------------------------------------------
5250  |Info:    |            Detecting libusb HID devices            |
5250  |Info:    ------------------------------------------------------
5293  |Info:    ------------------------------------------------------
5293  |Info:    |              Detecting other devices               |
5293  |Info:    ------------------------------------------------------
5311  |Info:    [ResourceManager] Calling Post-detection callbacks
5311  |Info:    ------------------------------------------------------
5311  |Info:    |                Detection completed                 |
5311  |Info:    ------------------------------------------------------
5311  |Dialog:  <h2>Some internal devices may not be detected:</h2><p>One or more I2C or SMBus interfaces failed to initialize.</p><p><b>RGB DRAM modules, some motherboards' onboard RGB lighting, and RGB Graphics Cards, will not be available in OpenRGB</b> without I2C or SMBus.</p><h4>How to fix this:</h4><p>On Linux, this is usually because the i2c-dev module is not loaded.</p><p>You must load the i2c-dev module along with the correct i2c driver for your motherboard. This is usually i2c-piix4 for AMD systems and i2c-i801 for Intel systems.</p><p>See <a href='https://help.openrgb.org/'>help.openrgb.org</a> for additional troubleshooting steps if you keep seeing this message.<br></p><h3>If you are not using internal RGB on a desktop this message is not important to you.</h3>
5311  |Info:    [ProfileManager] Profile loading: Succeeded for  @ HID: /dev/hidraw1
