    OpenRGB v0.9+ (1.0rc2)
    Commit:  from 
    Launched: 20260404_125351
====================================================================================================

53    |Info:    [ResourceManager] Initializing HID interfaces: Success
53    |Info:    ------------------------------------------------------
53    |Info:    |               Start device detection               |
53    |Info:    ------------------------------------------------------
59    |Info:    ------------------------------------------------------
59    |Info:    |             Detecting I2C interfaces               |
59    |Info:    ------------------------------------------------------
59    |Info:    [ResourceManager] Registering I2C interface: /dev/i2c-3 Device 1002:15E7 Subsystem: 2782:1100
59    |Info:    [ResourceManager] Registering I2C interface: /dev/i2c-1 Device 1002:15E7 Subsystem: 2782:1100
59    |Info:    [ResourceManager] Registering I2C interface: /dev/i2c-PNP0C50:0b Device 0000:0000 Subsystem: 0000:0000
60    |Info:    [ResourceManager] Registering I2C interface: /dev/i2c-8 Device 1022:790B Subsystem: 1022:790B
60    |Info:    [ResourceManager] Registering I2C interface: /dev/i2c-6 Device 1022:790B Subsystem: 1022:790B
60    |Warning: [i2c_smbus_linux] Failed to read i2c device PCI device ID
60    |Info:    [ResourceManager] Registering I2C interface: /dev/i2c-4 Device 0000:0000 Subsystem: 0000:0000
60    |Info:    [ResourceManager] Registering I2C interface: /dev/i2c-2 Device 1002:15E7 Subsystem: 2782:1100
60    |Info:    [ResourceManager] Registering I2C interface: /dev/i2c-0 Device 0000:0000 Subsystem: 0000:0000
60    |Info:    [ResourceManager] Registering I2C interface: /dev/i2c-7 Device 1022:790B Subsystem: 1022:790B
60    |Warning: [i2c_smbus_linux] Failed to read i2c device PCI device ID
60    |Info:    [ResourceManager] Registering I2C interface: /dev/i2c-5 Device 0000:0000 Subsystem: 0000:0000
60    |Info:    ------------------------------------------------------
60    |Info:    |               Detecting I2C devices                |
60    |Info:    ------------------------------------------------------
1069  |Info:    ------------------------------------------------------
1069  |Info:    |            Detecting I2C DIMM modules              |
1069  |Info:    ------------------------------------------------------
1880  |Info:    [ResourceManager] Detected occupied slot 1, bus 4, type DDR4
3161  |Info:    [ResourceManager] Detected occupied slot 2, bus 4, type DDR4
4235  |Info:    ------------------------------------------------------
4235  |Info:    |               Detecting I2C PCI devices            |
4235  |Info:    ------------------------------------------------------
4237  |Info:    ------------------------------------------------------
4237  |Info:    |               Detecting HID devices                |
4237  |Info:    ------------------------------------------------------
4239  |Info:    [] Registering RGB controller
4239  |Info:    ------------------------------------------------------
4239  |Info:    |            Detecting libusb HID devices            |
4239  |Info:    ------------------------------------------------------
4271  |Info:    ------------------------------------------------------
4271  |Info:    |              Detecting other devices               |
4271  |Info:    ------------------------------------------------------
4291  |Info:    [ResourceManager] Calling Post-detection callbacks
4291  |Info:    ------------------------------------------------------
4291  |Info:    |                Detection completed                 |
4291  |Info:    ------------------------------------------------------
4291  |Dialog:  <h2>Some internal devices may not be detected:</h2><p>One or more I2C or SMBus interfaces failed to initialize.</p><p><b>RGB DRAM modules, some motherboards' onboard RGB lighting, and RGB Graphics Cards, will not be available in OpenRGB</b> without I2C or SMBus.</p><h4>How to fix this:</h4><p>On Linux, this is usually because the i2c-dev module is not loaded.</p><p>You must load the i2c-dev module along with the correct i2c driver for your motherboard. This is usually i2c-piix4 for AMD systems and i2c-i801 for Intel systems.</p><p>See <a href='https://help.openrgb.org/'>help.openrgb.org</a> for additional troubleshooting steps if you keep seeing this message.<br></p><h3>If you are not using internal RGB on a desktop this message is not important to you.</h3>
