    OpenRGB v0.9+ (1.0rc2)
    Commit:  from 
    Launched: 20260415_133316
====================================================================================================

0     |Info:    [ProfileManager] Found file: blue.orp attempting to validate header
0     |Info:    [ProfileManager] Valid v5 profile found for blue
1062  |Info:    [ResourceManager] Initializing HID interfaces: Success
1062  |Info:    ------------------------------------------------------
1062  |Info:    |               Start device detection               |
1062  |Info:    ------------------------------------------------------
1063  |Info:    ------------------------------------------------------
1063  |Info:    |             Detecting I2C interfaces               |
1063  |Info:    ------------------------------------------------------
1063  |Info:    [ResourceManager] Registering I2C interface: /dev/i2c-3 Device 1002:15E7 Subsystem: 2782:1100
1063  |Info:    [ResourceManager] Registering I2C interface: /dev/i2c-1 Device 1002:15E7 Subsystem: 2782:1100
1064  |Info:    [ResourceManager] Registering I2C interface: /dev/i2c-PNP0C50:0b Device 0000:0000 Subsystem: 0000:0000
1064  |Info:    [ResourceManager] Registering I2C interface: /dev/i2c-8 Device 1022:790B Subsystem: 1022:790B
1064  |Info:    [ResourceManager] Registering I2C interface: /dev/i2c-6 Device 1022:790B Subsystem: 1022:790B
1064  |Warning: [i2c_smbus_linux] Failed to read i2c device PCI device ID
1064  |Info:    [ResourceManager] Registering I2C interface: /dev/i2c-4 Device 0000:0000 Subsystem: 0000:0000
1064  |Info:    [ResourceManager] Registering I2C interface: /dev/i2c-2 Device 1002:15E7 Subsystem: 2782:1100
1064  |Info:    [ResourceManager] Registering I2C interface: /dev/i2c-0 Device 0000:0000 Subsystem: 0000:0000
1064  |Info:    [ResourceManager] Registering I2C interface: /dev/i2c-7 Device 1022:790B Subsystem: 1022:790B
1064  |Warning: [i2c_smbus_linux] Failed to read i2c device PCI device ID
1064  |Info:    [ResourceManager] Registering I2C interface: /dev/i2c-5 Device 0000:0000 Subsystem: 0000:0000
1064  |Info:    ------------------------------------------------------
1064  |Info:    |               Detecting I2C devices                |
1064  |Info:    ------------------------------------------------------
2086  |Info:    ------------------------------------------------------
2086  |Info:    |            Detecting I2C DIMM modules              |
2086  |Info:    ------------------------------------------------------
2526  |Info:    [ResourceManager] Detected occupied slot 1, bus 4, type DDR4
3179  |Info:    [ResourceManager] Detected occupied slot 2, bus 4, type DDR4
3758  |Info:    ------------------------------------------------------
3758  |Info:    |               Detecting I2C PCI devices            |
3758  |Info:    ------------------------------------------------------
3760  |Info:    ------------------------------------------------------
3760  |Info:    |               Detecting HID devices                |
3760  |Info:    ------------------------------------------------------
3760  |Info:    ------------------------------------------------------
3760  |Info:    |            Detecting libusb HID devices            |
3760  |Info:    ------------------------------------------------------
3777  |Info:    ------------------------------------------------------
3777  |Info:    |              Detecting other devices               |
3777  |Info:    ------------------------------------------------------
3801  |Info:    [ResourceManager] Calling Post-detection callbacks
3801  |Info:    ------------------------------------------------------
3801  |Info:    |                Detection completed                 |
3801  |Info:    ------------------------------------------------------
3801  |Dialog:  <h2>Some internal devices may not be detected:</h2><p>One or more I2C or SMBus interfaces failed to initialize.</p><p><b>RGB DRAM modules, some motherboards' onboard RGB lighting, and RGB Graphics Cards, will not be available in OpenRGB</b> without I2C or SMBus.</p><h4>How to fix this:</h4><p>On Linux, this is usually because the i2c-dev module is not loaded.</p><p>You must load the i2c-dev module along with the correct i2c driver for your motherboard. This is usually i2c-piix4 for AMD systems and i2c-i801 for Intel systems.</p><p>See <a href='https://help.openrgb.org/'>help.openrgb.org</a> for additional troubleshooting steps if you keep seeing this message.<br></p><h3>If you are not using internal RGB on a desktop this message is not important to you.</h3>
