    OpenRGB v0.9+ (1.0rc2)
    Commit:  from 
    Launched: 20260410_143952
====================================================================================================

0     |Info:    [ProfileManager] Found file: blue.orp attempting to validate header
0     |Info:    [ProfileManager] Valid v5 profile found for blue
1060  |Info:    [ResourceManager] Initializing HID interfaces: Success
1060  |Info:    ------------------------------------------------------
1060  |Info:    |               Start device detection               |
1060  |Info:    ------------------------------------------------------
1064  |Info:    ------------------------------------------------------
1064  |Info:    |             Detecting I2C interfaces               |
1064  |Info:    ------------------------------------------------------
1064  |Info:    [ResourceManager] Registering I2C interface: /dev/i2c-3 Device 1002:15E7 Subsystem: 2782:1100
1064  |Info:    [ResourceManager] Registering I2C interface: /dev/i2c-1 Device 1002:15E7 Subsystem: 2782:1100
1064  |Info:    [ResourceManager] Registering I2C interface: /dev/i2c-PNP0C50:0b Device 0000:0000 Subsystem: 0000:0000
1065  |Info:    [ResourceManager] Registering I2C interface: /dev/i2c-8 Device 1022:790B Subsystem: 1022:790B
1065  |Info:    [ResourceManager] Registering I2C interface: /dev/i2c-6 Device 1022:790B Subsystem: 1022:790B
1065  |Warning: [i2c_smbus_linux] Failed to read i2c device PCI device ID
1065  |Info:    [ResourceManager] Registering I2C interface: /dev/i2c-4 Device 0000:0000 Subsystem: 0000:0000
1065  |Info:    [ResourceManager] Registering I2C interface: /dev/i2c-2 Device 1002:15E7 Subsystem: 2782:1100
1065  |Info:    [ResourceManager] Registering I2C interface: /dev/i2c-0 Device 0000:0000 Subsystem: 0000:0000
1065  |Info:    [ResourceManager] Registering I2C interface: /dev/i2c-7 Device 1022:790B Subsystem: 1022:790B
1065  |Warning: [i2c_smbus_linux] Failed to read i2c device PCI device ID
1065  |Info:    [ResourceManager] Registering I2C interface: /dev/i2c-5 Device 0000:0000 Subsystem: 0000:0000
1065  |Info:    ------------------------------------------------------
1065  |Info:    |               Detecting I2C devices                |
1065  |Info:    ------------------------------------------------------
2089  |Info:    ------------------------------------------------------
2089  |Info:    |            Detecting I2C DIMM modules              |
2089  |Info:    ------------------------------------------------------
2518  |Info:    [ResourceManager] Detected occupied slot 1, bus 4, type DDR4
3163  |Info:    [ResourceManager] Detected occupied slot 2, bus 4, type DDR4
3724  |Info:    ------------------------------------------------------
3724  |Info:    |               Detecting I2C PCI devices            |
3724  |Info:    ------------------------------------------------------
3725  |Info:    ------------------------------------------------------
3725  |Info:    |               Detecting HID devices                |
3725  |Info:    ------------------------------------------------------
3726  |Info:    [] Registering RGB controller
3726  |Info:    ------------------------------------------------------
3726  |Info:    |            Detecting libusb HID devices            |
3726  |Info:    ------------------------------------------------------
3772  |Info:    ------------------------------------------------------
3772  |Info:    |              Detecting other devices               |
3772  |Info:    ------------------------------------------------------
3785  |Info:    [ResourceManager] Calling Post-detection callbacks
3785  |Info:    ------------------------------------------------------
3785  |Info:    |                Detection completed                 |
3785  |Info:    ------------------------------------------------------
3785  |Dialog:  <h2>Some internal devices may not be detected:</h2><p>One or more I2C or SMBus interfaces failed to initialize.</p><p><b>RGB DRAM modules, some motherboards' onboard RGB lighting, and RGB Graphics Cards, will not be available in OpenRGB</b> without I2C or SMBus.</p><h4>How to fix this:</h4><p>On Linux, this is usually because the i2c-dev module is not loaded.</p><p>You must load the i2c-dev module along with the correct i2c driver for your motherboard. This is usually i2c-piix4 for AMD systems and i2c-i801 for Intel systems.</p><p>See <a href='https://help.openrgb.org/'>help.openrgb.org</a> for additional troubleshooting steps if you keep seeing this message.<br></p><h3>If you are not using internal RGB on a desktop this message is not important to you.</h3>
3785  |Info:    [ProfileManager] Profile loading: Succeeded for  @ HID: /dev/hidraw1
