    OpenRGB v0.9+ (1.0rc2)
    Commit:  from 
    Launched: 20260404_105744
====================================================================================================

52    |Info:    [ResourceManager] Saving detector settings
54    |Info:    [ResourceManager] Initializing HID interfaces: Success
54    |Info:    ------------------------------------------------------
54    |Info:    |               Start device detection               |
54    |Info:    ------------------------------------------------------
60    |Info:    ------------------------------------------------------
60    |Info:    |             Detecting I2C interfaces               |
60    |Info:    ------------------------------------------------------
60    |Info:    [ResourceManager] Registering I2C interface: /dev/i2c-3 Device 1002:15E7 Subsystem: 2782:1100
61    |Info:    [ResourceManager] Registering I2C interface: /dev/i2c-1 Device 1002:15E7 Subsystem: 2782:1100
61    |Info:    [ResourceManager] Registering I2C interface: /dev/i2c-PNP0C50:0b Device 0000:0000 Subsystem: 0000:0000
61    |Info:    [ResourceManager] Registering I2C interface: /dev/i2c-8 Device 1022:790B Subsystem: 1022:790B
61    |Info:    [ResourceManager] Registering I2C interface: /dev/i2c-6 Device 1022:790B Subsystem: 1022:790B
61    |Warning: [i2c_smbus_linux] Failed to read i2c device PCI device ID
61    |Info:    [ResourceManager] Registering I2C interface: /dev/i2c-4 Device 0000:0000 Subsystem: 0000:0000
61    |Info:    [ResourceManager] Registering I2C interface: /dev/i2c-2 Device 1002:15E7 Subsystem: 2782:1100
61    |Info:    [ResourceManager] Registering I2C interface: /dev/i2c-0 Device 0000:0000 Subsystem: 0000:0000
61    |Info:    [ResourceManager] Registering I2C interface: /dev/i2c-7 Device 1022:790B Subsystem: 1022:790B
61    |Warning: [i2c_smbus_linux] Failed to read i2c device PCI device ID
61    |Info:    [ResourceManager] Registering I2C interface: /dev/i2c-5 Device 0000:0000 Subsystem: 0000:0000
61    |Info:    ------------------------------------------------------
61    |Info:    |               Detecting I2C devices                |
61    |Info:    ------------------------------------------------------
1096  |Info:    ------------------------------------------------------
1096  |Info:    |            Detecting I2C DIMM modules              |
1096  |Info:    ------------------------------------------------------
1533  |Info:    [ResourceManager] Detected occupied slot 1, bus 4, type DDR4
2179  |Info:    [ResourceManager] Detected occupied slot 2, bus 4, type DDR4
2743  |Info:    ------------------------------------------------------
2743  |Info:    |               Detecting I2C PCI devices            |
2743  |Info:    ------------------------------------------------------
2745  |Info:    ------------------------------------------------------
2745  |Info:    |               Detecting HID devices                |
2745  |Info:    ------------------------------------------------------
2746  |Info:    [] Registering RGB controller
2746  |Info:    ------------------------------------------------------
2746  |Info:    |            Detecting libusb HID devices            |
2746  |Info:    ------------------------------------------------------
2783  |Info:    ------------------------------------------------------
2783  |Info:    |              Detecting other devices               |
2783  |Info:    ------------------------------------------------------
2800  |Info:    [ResourceManager] Calling Post-detection callbacks
2800  |Info:    ------------------------------------------------------
2800  |Info:    |                Detection completed                 |
2800  |Info:    ------------------------------------------------------
2800  |Dialog:  <h2>Some internal devices may not be detected:</h2><p>One or more I2C or SMBus interfaces failed to initialize.</p><p><b>RGB DRAM modules, some motherboards' onboard RGB lighting, and RGB Graphics Cards, will not be available in OpenRGB</b> without I2C or SMBus.</p><h4>How to fix this:</h4><p>On Linux, this is usually because the i2c-dev module is not loaded.</p><p>You must load the i2c-dev module along with the correct i2c driver for your motherboard. This is usually i2c-piix4 for AMD systems and i2c-i801 for Intel systems.</p><p>See <a href='https://help.openrgb.org/'>help.openrgb.org</a> for additional troubleshooting steps if you keep seeing this message.<br></p><h3>If you are not using internal RGB on a desktop this message is not important to you.</h3>
